[    92.558] (--) Log file renamed from "/home/melek/.local/share/xorg/Xorg.pid-1239.log" to "/home/melek/.local/share/xorg/Xorg.0.log"
[    92.559] 
X.Org X Server 1.20.8
X Protocol Version 11, Revision 0
[    92.559] Build Operating System: Linux 4.15.0-163-generic x86_64 Ubuntu
[    92.559] Current Operating System: Linux ubuntu 5.4.0-91-generic #102~18.04.1-Ubuntu SMP Thu Nov 11 14:46:36 UTC 2021 x86_64
[    92.559] Kernel command line: BOOT_IMAGE=/boot/vmlinuz-5.4.0-91-generic root=UUID=902b9513-6374-435c-bdc1-f8ce2c443fd3 ro find_preseed=/preseed.cfg auto noprompt priority=critical locale=en_US quiet
[    92.559] Build Date: 14 December 2021  02:34:57PM
[    92.559] xorg-server-hwe-18.04 2:1.20.8-2ubuntu2.2~18.04.6 (For technical support please see http://www.ubuntu.com/support) 
[    92.559] Current version of pixman: 0.34.0
[    92.559] 	Before reporting problems, check http://wiki.x.org
	to make sure that you have the latest version.
[    92.559] Markers: (--) probed, (**) from config file, (==) default setting,
	(++) from command line, (!!) notice, (II) informational,
	(WW) warning, (EE) error, (NI) not implemented, (??) unknown.
[    92.559] (==) Log file: "/home/melek/.local/share/xorg/Xorg.0.log", Time: Wed Dec 15 11:57:02 2021
[    92.583] (==) Using system config directory "/usr/share/X11/xorg.conf.d"
[    92.584] (==) No Layout section.  Using the first Screen section.
[    92.584] (==) No screen section available. Using defaults.
[    92.584] (**) |-->Screen "Default Screen Section" (0)
[    92.584] (**) |   |-->Monitor "<default monitor>"
[    92.584] (==) No monitor specified for screen "Default Screen Section".
	Using a default monitor configuration.
[    92.584] (==) Automatically adding devices
[    92.584] (==) Automatically enabling devices
[    92.584] (==) Automatically adding GPU devices
[    92.584] (==) Automatically binding GPU devices
[    92.584] (==) Max clients allowed: 256, resource mask: 0x1fffff
[    92.584] (WW) The directory "/usr/share/fonts/X11/cyrillic" does not exist.
[    92.584] 	Entry deleted from font path.
[    92.584] (WW) The directory "/usr/share/fonts/X11/100dpi/" does not exist.
[    92.584] 	Entry deleted from font path.
[    92.584] (WW) The directory "/usr/share/fonts/X11/75dpi/" does not exist.
[    92.584] 	Entry deleted from font path.
[    92.584] (WW) The directory "/usr/share/fonts/X11/100dpi" does not exist.
[    92.584] 	Entry deleted from font path.
[    92.584] (WW) The directory "/usr/share/fonts/X11/75dpi" does not exist.
[    92.584] 	Entry deleted from font path.
[    92.584] (==) FontPath set to:
	/usr/share/fonts/X11/misc,
	/usr/share/fonts/X11/Type1,
	built-ins
[    92.584] (==) ModulePath set to "/usr/lib/xorg/modules"
[    92.584] (II) The server relies on udev to provide the list of input devices.
	If no devices become available, reconfigure udev or disable AutoAddDevices.
[    92.584] (II) Loader magic: 0x55d8544e6020
[    92.584] (II) Module ABI versions:
[    92.584] 	X.Org ANSI C Emulation: 0.4
[    92.584] 	X.Org Video Driver: 24.1
[    92.584] 	X.Org XInput driver : 24.1
[    92.584] 	X.Org Server Extension : 10.0
[    92.585] (++) using VT number 2

[    92.588] (II) systemd-logind: took control of session /org/freedesktop/login1/session/_32
[    92.589] (II) xfree86: Adding drm device (/dev/dri/card0)
[    92.590] (II) systemd-logind: got fd for /dev/dri/card0 226:0 fd 12 paused 0
[    92.595] (--) PCI:*(0@0:15:0) 15ad:0405:15ad:0405 rev 0, Mem @ 0xe8000000/134217728, 0xfe000000/8388608, I/O @ 0x00001070/16, BIOS @ 0x????????/131072
[    92.595] (II) LoadModule: "glx"
[    92.596] (II) Loading /usr/lib/xorg/modules/extensions/libglx.so
[    92.655] (II) Module glx: vendor="X.Org Foundation"
[    92.655] 	compiled for 1.20.8, module version = 1.0.0
[    92.655] 	ABI class: X.Org Server Extension, version 10.0
[    92.655] (==) Matched vmware as autoconfigured driver 0
[    92.655] (==) Matched modesetting as autoconfigured driver 1
[    92.655] (==) Matched fbdev as autoconfigured driver 2
[    92.655] (==) Matched vesa as autoconfigured driver 3
[    92.655] (==) Assigned the driver to the xf86ConfigLayout
[    92.655] (II) LoadModule: "vmware"
[    92.656] (II) Loading /usr/lib/xorg/modules/drivers/vmware_drv.so
[    92.844] (II) Module vmware: vendor="X.Org Foundation"
[    92.844] 	compiled for 1.20.1, module version = 13.3.0
[    92.844] 	Module class: X.Org Video Driver
[    92.844] 	ABI class: X.Org Video Driver, version 24.0
[    92.844] (II) LoadModule: "modesetting"
[    92.844] (II) Loading /usr/lib/xorg/modules/drivers/modesetting_drv.so
[    92.869] (II) Module modesetting: vendor="X.Org Foundation"
[    92.869] 	compiled for 1.20.8, module version = 1.20.8
[    92.871] 	Module class: X.Org Video Driver
[    92.871] 	ABI class: X.Org Video Driver, version 24.1
[    92.871] (II) LoadModule: "fbdev"
[    92.871] (II) Loading /usr/lib/xorg/modules/drivers/fbdev_drv.so
[    92.900] (II) Module fbdev: vendor="X.Org Foundation"
[    92.900] 	compiled for 1.20.1, module version = 0.5.0
[    92.900] 	Module class: X.Org Video Driver
[    92.900] 	ABI class: X.Org Video Driver, version 24.0
[    92.900] (II) LoadModule: "vesa"
[    92.900] (II) Loading /usr/lib/xorg/modules/drivers/vesa_drv.so
[    92.901] (II) Module vesa: vendor="X.Org Foundation"
[    92.901] 	compiled for 1.20.1, module version = 2.4.0
[    92.901] 	Module class: X.Org Video Driver
[    92.901] 	ABI class: X.Org Video Driver, version 24.0
[    92.901] (II) vmware: driver for VMware SVGA: vmware0405, vmware0710
[    92.901] (II) modesetting: Driver for Modesetting Kernel Drivers: kms
[    92.901] (II) FBDEV: driver for framebuffer: fbdev
[    92.901] (II) VESA: driver for VESA chipsets: vesa
[    92.901] xf86EnableIOPorts: failed to set IOPL for I/O (Operation not permitted)
[    92.901] (WW) Falling back to old probe method for modesetting
[    92.901] (WW) Falling back to old probe method for fbdev
[    92.901] (II) Loading sub module "fbdevhw"
[    92.901] (II) LoadModule: "fbdevhw"
[    92.902] (II) Loading /usr/lib/xorg/modules/libfbdevhw.so
[    92.902] (II) Module fbdevhw: vendor="X.Org Foundation"
[    92.902] 	compiled for 1.20.8, module version = 0.0.2
[    92.902] 	ABI class: X.Org Video Driver, version 24.1
[    92.902] (EE) open /dev/fb0: Permission denied
[    92.902] (WW) VGA arbiter: cannot open kernel arbiter, no multi-card support
[    92.902] (II) vmware(0): Creating default Display subsection in Screen section
	"Default Screen Section" for depth/fbbpp 24/32
[    92.902] (--) vmware(0): DRM driver version is 2.15.0
[    92.902] (==) vmware(0): Depth 24, (--) framebuffer bpp 32
[    92.902] (==) vmware(0): RGB weight 888
[    92.902] (==) vmware(0): Default visual is TrueColor
[    92.903] (--) vmware(0): Min width 1, Max Width 16384.
[    92.903] (--) vmware(0): Min height 1, Max Height 16384.
[    92.903] (II) vmware(0): Output Virtual1 has no monitor section
[    92.903] (II) vmware(0): Output Virtual2 has no monitor section
[    92.903] (II) vmware(0): Output Virtual3 has no monitor section
[    92.903] (II) vmware(0): Output Virtual4 has no monitor section
[    92.903] (II) vmware(0): Output Virtual5 has no monitor section
[    92.903] (II) vmware(0): Output Virtual6 has no monitor section
[    92.903] (II) vmware(0): Output Virtual7 has no monitor section
[    92.904] (II) vmware(0): Output Virtual8 has no monitor section
[    92.904] (II) vmware(0): Printing probed modes for output Virtual1
[    92.904] (II) vmware(0): Modeline "1920x1080"x60.0  152.77  1920 1970 2020 2070  1080 1130 1180 1230 -hsync +vsync (73.8 kHz eP)
[    92.904] (II) vmware(0): Modeline "2560x1600"x60.0  348.50  2560 2752 3032 3504  1600 1603 1609 1658 -hsync +vsync (99.5 kHz e)
[    92.904] (II) vmware(0): Modeline "1920x1440"x60.0  234.00  1920 2048 2256 2600  1440 1441 1444 1500 -hsync +vsync (90.0 kHz e)
[    92.904] (II) vmware(0): Modeline "1856x1392"x60.0  218.25  1856 1952 2176 2528  1392 1393 1396 1439 -hsync +vsync (86.3 kHz e)
[    92.904] (II) vmware(0): Modeline "1792x1344"x60.0  204.75  1792 1920 2120 2448  1344 1345 1348 1394 -hsync +vsync (83.6 kHz e)
[    92.904] (II) vmware(0): Modeline "1920x1200"x59.9  193.25  1920 2056 2256 2592  1200 1203 1209 1245 -hsync +vsync (74.6 kHz e)
[    92.904] (II) vmware(0): Modeline "1600x1200"x60.0  162.00  1600 1664 1856 2160  1200 1201 1204 1250 +hsync +vsync (75.0 kHz e)
[    92.904] (II) vmware(0): Modeline "1680x1050"x60.0  146.25  1680 1784 1960 2240  1050 1053 1059 1089 -hsync +vsync (65.3 kHz e)
[    92.904] (II) vmware(0): Modeline "1400x1050"x60.0  121.75  1400 1488 1632 1864  1050 1053 1057 1089 -hsync +vsync (65.3 kHz e)
[    92.904] (II) vmware(0): Modeline "1280x1024"x60.0  108.00  1280 1328 1440 1688  1024 1025 1028 1066 +hsync +vsync (64.0 kHz e)
[    92.904] (II) vmware(0): Modeline "1440x900"x59.9  106.50  1440 1520 1672 1904  900 903 909 934 -hsync +vsync (55.9 kHz e)
[    92.904] (II) vmware(0): Modeline "1280x960"x60.0  108.00  1280 1376 1488 1800  960 961 964 1000 +hsync +vsync (60.0 kHz e)
[    92.904] (II) vmware(0): Modeline "1360x768"x60.0   85.50  1360 1424 1536 1792  768 771 777 795 +hsync +vsync (47.7 kHz e)
[    92.904] (II) vmware(0): Modeline "1280x800"x59.8   83.50  1280 1352 1480 1680  800 803 809 831 +hsync -vsync (49.7 kHz e)
[    92.904] (II) vmware(0): Modeline "1152x864"x75.0  108.00  1152 1216 1344 1600  864 865 868 900 +hsync +vsync (67.5 kHz e)
[    92.904] (II) vmware(0): Modeline "1280x768"x59.9   79.50  1280 1344 1472 1664  768 771 778 798 -hsync +vsync (47.8 kHz e)
[    92.904] (II) vmware(0): Modeline "1024x768"x60.0   65.00  1024 1048 1184 1344  768 771 777 806 -hsync -vsync (48.4 kHz e)
[    92.905] (II) vmware(0): Modeline "800x600"x60.3   40.00  800 840 968 1056  600 601 605 628 +hsync +vsync (37.9 kHz e)
[    92.905] (II) vmware(0): Modeline "640x480"x59.9   25.18  640 656 752 800  480 489 492 525 -hsync -vsync (31.5 kHz e)
[    92.905] (II) vmware(0): EDID for output Virtual2
[    92.905] (II) vmware(0): EDID for output Virtual3
[    92.905] (II) vmware(0): EDID for output Virtual4
[    92.905] (II) vmware(0): EDID for output Virtual5
[    92.905] (II) vmware(0): EDID for output Virtual6
[    92.905] (II) vmware(0): EDID for output Virtual7
[    92.905] (II) vmware(0): EDID for output Virtual8
[    92.905] (II) vmware(0): Output Virtual1 connected
[    92.905] (II) vmware(0): Output Virtual2 disconnected
[    92.905] (II) vmware(0): Output Virtual3 disconnected
[    92.905] (II) vmware(0): Output Virtual4 disconnected
[    92.905] (II) vmware(0): Output Virtual5 disconnected
[    92.905] (II) vmware(0): Output Virtual6 disconnected
[    92.905] (II) vmware(0): Output Virtual7 disconnected
[    92.905] (II) vmware(0): Output Virtual8 disconnected
[    92.905] (II) vmware(0): Using exact sizes for initial modes
[    92.905] (II) vmware(0): Output Virtual1 using initial mode 1920x1080 +0+0
[    92.905] (==) vmware(0): DPI set to (96, 96)
[    92.905] (==) vmware(0): Using gamma correction (1.0, 1.0, 1.0)
[    92.905] (II) Loading sub module "fb"
[    92.905] (II) LoadModule: "fb"
[    92.905] (II) Loading /usr/lib/xorg/modules/libfb.so
[    92.926] (II) Module fb: vendor="X.Org Foundation"
[    92.926] 	compiled for 1.20.8, module version = 1.0.0
[    92.926] 	ABI class: X.Org ANSI C Emulation, version 0.4
[    92.927] (II) Loading sub module "dri2"
[    92.927] (II) LoadModule: "dri2"
[    92.927] (II) Module "dri2" already built-in
[    92.927] (II) Loading sub module "dri3"
[    92.927] (II) LoadModule: "dri3"
[    92.927] (II) Module "dri3" already built-in
[    92.927] (II) UnloadModule: "modesetting"
[    92.927] (II) Unloading modesetting
[    92.928] (II) UnloadModule: "fbdev"
[    92.928] (II) Unloading fbdev
[    92.928] (II) UnloadSubModule: "fbdevhw"
[    92.928] (II) Unloading fbdevhw
[    92.928] (II) UnloadModule: "vesa"
[    92.928] (II) Unloading vesa
[    92.945] (II) vmware(0): Initialized VMWARE_CTRL extension version 0.2
[    93.096] (II) vmware(0): Gallium3D XA version: 2.5.0.
[    93.097] (II) vmware(0): Path of drm device is "/dev/dri/card0".
[    93.097] (II) vmware(0): [DRI2] Setup complete
[    93.097] (II) vmware(0): [DRI2]   DRI driver: vmwgfx
[    93.804] (--) vmware(0): Render acceleration is enabled.
[    93.804] (==) vmware(0): Rendercheck mode is disabled.
[    93.804] (--) vmware(0): Direct rendering (DRI2 3D) is enabled.
[    93.804] (--) vmware(0): Direct rendering (DRI3 3D) is enabled.
[    93.804] (==) vmware(0): Direct presents are disabled.
[    93.804] (==) vmware(0): Hardware only presents are automatic per scanout.
[    93.804] (==) vmware(0): Backing store enabled
[    93.804] (==) vmware(0): Silken mouse enabled
[    93.832] (==) vmware(0): DPMS enabled
[    93.832] (II) Initializing extension Generic Event Extension
[    93.833] (II) Initializing extension SHAPE
[    93.833] (II) Initializing extension MIT-SHM
[    93.833] (II) Initializing extension XInputExtension
[    93.840] (II) Initializing extension XTEST
[    93.840] (II) Initializing extension BIG-REQUESTS
[    93.841] (II) Initializing extension SYNC
[    93.841] (II) Initializing extension XKEYBOARD
[    93.841] (II) Initializing extension XC-MISC
[    93.841] (II) Initializing extension SECURITY
[    93.841] (II) Initializing extension XFIXES
[    93.841] (II) Initializing extension RENDER
[    93.841] (II) Initializing extension RANDR
[    93.842] (II) Initializing extension COMPOSITE
[    93.842] (II) Initializing extension DAMAGE
[    93.842] (II) Initializing extension MIT-SCREEN-SAVER
[    93.842] (II) Initializing extension DOUBLE-BUFFER
[    93.842] (II) Initializing extension RECORD
[    93.842] (II) Initializing extension DPMS
[    93.842] (II) Initializing extension Present
[    93.842] (II) Initializing extension DRI3
[    93.843] (II) Initializing extension X-Resource
[    93.843] (II) Initializing extension XVideo
[    93.843] (II) Initializing extension XVideo-MotionCompensation
[    93.843] (II) Initializing extension SELinux
[    93.843] (II) SELinux: Disabled on system
[    93.843] (II) Initializing extension GLX
[    93.868] (II) AIGLX: Loaded and initialized vmwgfx
[    93.868] (II) GLX: Initialized DRI2 GL provider for screen 0
[    93.868] (II) Initializing extension XFree86-VidModeExtension
[    93.868] (II) Initializing extension XFree86-DGA
[    93.868] (II) Initializing extension XFree86-DRI
[    93.868] (II) Initializing extension DRI2
[    93.871] (II) vmware(0): Setting screen physical size to 508 x 285
[    93.897] (II) config/udev: Adding input device Power Button (/dev/input/event0)
[    93.897] (**) Power Button: Applying InputClass "libinput keyboard catchall"
[    93.897] (II) LoadModule: "libinput"
[    93.897] (II) Loading /usr/lib/xorg/modules/input/libinput_drv.so
[    93.899] (II) Module libinput: vendor="X.Org Foundation"
[    93.899] 	compiled for 1.20.1, module version = 0.28.1
[    93.899] 	Module class: X.Org XInput Driver
[    93.899] 	ABI class: X.Org XInput driver, version 24.1
[    93.899] (II) Using input driver 'libinput' for 'Power Button'
[    93.900] (II) systemd-logind: got fd for /dev/input/event0 13:64 fd 24 paused 0
[    93.900] (**) Power Button: always reports core events
[    93.900] (**) Option "Device" "/dev/input/event0"
[    93.901] (**) Option "_source" "server/udev"
[    93.901] (II) event0  - Power Button: is tagged by udev as: Keyboard
[    93.901] (II) event0  - Power Button: device is a keyboard
[    93.901] (II) event0  - Power Button: device removed
[    93.901] (**) Option "config_info" "udev:/sys/devices/LNXSYSTM:00/LNXPWRBN:00/input/input0/event0"
[    93.901] (II) XINPUT: Adding extended input device "Power Button" (type: KEYBOARD, id 6)
[    93.901] (**) Option "xkb_layout" "fr"
[    93.901] (**) Option "xkb_variant" "azerty"
[    93.916] (II) event0  - Power Button: is tagged by udev as: Keyboard
[    93.916] (II) event0  - Power Button: device is a keyboard
[    93.917] (II) config/udev: Adding input device VMware VMware Virtual USB Mouse (/dev/input/event4)
[    93.917] (**) VMware VMware Virtual USB Mouse: Applying InputClass "libinput pointer catchall"
[    93.917] (II) Using input driver 'libinput' for 'VMware VMware Virtual USB Mouse'
[    93.977] (II) systemd-logind: got fd for /dev/input/event4 13:68 fd 27 paused 0
[    93.977] (**) VMware VMware Virtual USB Mouse: always reports core events
[    93.977] (**) Option "Device" "/dev/input/event4"
[    93.977] (**) Option "_source" "server/udev"
[    93.980] (II) event4  - VMware VMware Virtual USB Mouse: is tagged by udev as: Mouse
[    93.980] (II) event4  - VMware VMware Virtual USB Mouse: device is a pointer
[    93.980] (II) event4  - VMware VMware Virtual USB Mouse: device removed
[    93.980] (**) Option "config_info" "udev:/sys/devices/pci0000:00/0000:00:11.0/0000:02:00.0/usb2/2-1/2-1:1.0/0003:0E0F:0003.0001/input/input5/event4"
[    93.980] (II) XINPUT: Adding extended input device "VMware VMware Virtual USB Mouse" (type: MOUSE, id 7)
[    93.981] (**) Option "AccelerationScheme" "none"
[    93.981] (**) VMware VMware Virtual USB Mouse: (accel) selected scheme none/0
[    93.981] (**) VMware VMware Virtual USB Mouse: (accel) acceleration factor: 2.000
[    93.981] (**) VMware VMware Virtual USB Mouse: (accel) acceleration threshold: 4
[    93.981] (II) event4  - VMware VMware Virtual USB Mouse: is tagged by udev as: Mouse
[    93.981] (II) event4  - VMware VMware Virtual USB Mouse: device is a pointer
[    93.982] (II) config/udev: Adding input device VMware VMware Virtual USB Mouse (/dev/input/mouse2)
[    93.982] (II) No input driver specified, ignoring this device.
[    93.982] (II) This device may have been added with another device file.
[    93.982] (II) config/udev: Adding input device AT Translated Set 2 keyboard (/dev/input/event1)
[    93.982] (**) AT Translated Set 2 keyboard: Applying InputClass "libinput keyboard catchall"
[    93.982] (II) Using input driver 'libinput' for 'AT Translated Set 2 keyboard'
[    93.983] (II) systemd-logind: got fd for /dev/input/event1 13:65 fd 28 paused 0
[    93.983] (**) AT Translated Set 2 keyboard: always reports core events
[    93.983] (**) Option "Device" "/dev/input/event1"
[    93.983] (**) Option "_source" "server/udev"
[    93.984] (II) event1  - AT Translated Set 2 keyboard: is tagged by udev as: Keyboard
[    93.984] (II) event1  - AT Translated Set 2 keyboard: device is a keyboard
[    93.984] (II) event1  - AT Translated Set 2 keyboard: device removed
[    93.984] (**) Option "config_info" "udev:/sys/devices/platform/i8042/serio0/input/input1/event1"
[    93.984] (II) XINPUT: Adding extended input device "AT Translated Set 2 keyboard" (type: KEYBOARD, id 8)
[    93.984] (**) Option "xkb_layout" "fr"
[    93.984] (**) Option "xkb_variant" "azerty"
[    93.985] (II) event1  - AT Translated Set 2 keyboard: is tagged by udev as: Keyboard
[    93.985] (II) event1  - AT Translated Set 2 keyboard: device is a keyboard
[    93.985] (II) config/udev: Adding input device VirtualPS/2 VMware VMMouse (/dev/input/event3)
[    93.985] (**) VirtualPS/2 VMware VMMouse: Applying InputClass "libinput pointer catchall"
[    93.985] (II) Using input driver 'libinput' for 'VirtualPS/2 VMware VMMouse'
[    93.986] (II) systemd-logind: got fd for /dev/input/event3 13:67 fd 29 paused 0
[    93.986] (**) VirtualPS/2 VMware VMMouse: always reports core events
[    93.986] (**) Option "Device" "/dev/input/event3"
[    93.986] (**) Option "_source" "server/udev"
[    93.987] (II) event3  - VirtualPS/2 VMware VMMouse: is tagged by udev as: Mouse
[    93.987] (II) event3  - VirtualPS/2 VMware VMMouse: device is a pointer
[    93.987] (II) event3  - VirtualPS/2 VMware VMMouse: device removed
[    93.987] (**) Option "config_info" "udev:/sys/devices/platform/i8042/serio1/input/input3/event3"
[    93.987] (II) XINPUT: Adding extended input device "VirtualPS/2 VMware VMMouse" (type: MOUSE, id 9)
[    93.987] (**) Option "AccelerationScheme" "none"
[    93.987] (**) VirtualPS/2 VMware VMMouse: (accel) selected scheme none/0
[    93.987] (**) VirtualPS/2 VMware VMMouse: (accel) acceleration factor: 2.000
[    93.987] (**) VirtualPS/2 VMware VMMouse: (accel) acceleration threshold: 4
[    93.988] (II) event3  - VirtualPS/2 VMware VMMouse: is tagged by udev as: Mouse
[    93.988] (II) event3  - VirtualPS/2 VMware VMMouse: device is a pointer
[    93.988] (II) config/udev: Adding input device VirtualPS/2 VMware VMMouse (/dev/input/mouse1)
[    93.988] (II) No input driver specified, ignoring this device.
[    93.988] (II) This device may have been added with another device file.
[    93.989] (II) config/udev: Adding input device VirtualPS/2 VMware VMMouse (/dev/input/event2)
[    93.989] (**) VirtualPS/2 VMware VMMouse: Applying InputClass "libinput pointer catchall"
[    93.989] (II) Using input driver 'libinput' for 'VirtualPS/2 VMware VMMouse'
[    93.989] (II) systemd-logind: got fd for /dev/input/event2 13:66 fd 30 paused 0
[    93.990] (**) VirtualPS/2 VMware VMMouse: always reports core events
[    93.990] (**) Option "Device" "/dev/input/event2"
[    93.990] (**) Option "_source" "server/udev"
[    93.990] (II) event2  - VirtualPS/2 VMware VMMouse: is tagged by udev as: Mouse
[    93.990] (II) event2  - VirtualPS/2 VMware VMMouse: device is a pointer
[    93.990] (II) event2  - VirtualPS/2 VMware VMMouse: device removed
[    93.990] (**) Option "config_info" "udev:/sys/devices/platform/i8042/serio1/input/input4/event2"
[    93.990] (II) XINPUT: Adding extended input device "VirtualPS/2 VMware VMMouse" (type: MOUSE, id 10)
[    93.990] (**) Option "AccelerationScheme" "none"
[    93.990] (**) VirtualPS/2 VMware VMMouse: (accel) selected scheme none/0
[    93.990] (**) VirtualPS/2 VMware VMMouse: (accel) acceleration factor: 2.000
[    93.990] (**) VirtualPS/2 VMware VMMouse: (accel) acceleration threshold: 4
[    93.991] (II) event2  - VirtualPS/2 VMware VMMouse: is tagged by udev as: Mouse
[    93.991] (II) event2  - VirtualPS/2 VMware VMMouse: device is a pointer
[    93.991] (II) config/udev: Adding input device VirtualPS/2 VMware VMMouse (/dev/input/mouse0)
[    93.991] (II) No input driver specified, ignoring this device.
[    93.991] (II) This device may have been added with another device file.
[  1113.050] (EE) client bug: timer event2 debounce short: offset negative (-2ms)
[  1333.582] (EE) client bug: timer event2 debounce: offset negative (-221ms)
[  1333.601] (EE) client bug: timer event2 debounce: offset negative (-151ms)
[  1333.601] (EE) client bug: timer event2 debounce short: offset negative (-164ms)
[  1419.049] (!!) vmware(0): New layout.
[  1419.049] (!!) vmware(0): 0: 0 0 1918 888
[  1419.049] (!!) vmware(0): 
[  1422.087] (!!) vmware(0): New layout.
[  1422.088] (!!) vmware(0): 0: 0 0 1914 884
[  1422.088] (!!) vmware(0): 
[  1434.417] (!!) vmware(0): New layout.
[  1434.417] (!!) vmware(0): 0: 0 0 1920 1080
[  1434.417] (!!) vmware(0): 
[  2089.456] (EE) client bug: timer event2 debounce: offset negative (-2ms)
[  5929.087] (EE) client bug: timer event2 debounce: offset negative (-850ms)
[  5929.121] (EE) client bug: timer event2 debounce: offset negative (-831ms)
[  5929.121] (EE) client bug: timer event2 debounce short: offset negative (-844ms)
[  5929.121] (EE) client bug: timer event2 debounce: offset negative (-529ms)
[  5929.121] (EE) client bug: timer event2 debounce: offset negative (-22ms)
[  5929.121] (EE) client bug: timer event2 debounce short: offset negative (-35ms)
[  7517.802] (EE) client bug: timer event2 debounce short: offset negative (-7ms)
[  7517.862] (EE) client bug: timer event2 debounce: offset negative (-58ms)
[  7517.862] (EE) client bug: timer event2 debounce: offset negative (-13ms)
[  7517.862] (EE) client bug: timer event2 debounce short: offset negative (-26ms)
